
    <!DOCTYPE html>
    <html lang="en">
    <head>
      <meta charset="UTF-8" />
      <meta name="viewport" content="width=device-width, initial-scale=1.0" />
      <title>Markdown Preview</title>
      <style>
        body {
          font-family: sans-serif;
          padding: 40px;
          line-height: 1.6;
          background: #fdfdfd;
          color: #333;
        }
        pre {
          background: #f4f4f4;
          padding: 10px;
          border-radius: 5px;
          overflow-x: auto;
        }
        code {
          font-family: monospace;
          background: #eee;
          padding: 2px 4px;
        }
        table {
          border-collapse: collapse;
          width: 100%;
          margin-top: 20px;
        }
        th, td {
          border: 1px solid #ccc;
          padding: 8px 12px;
          text-align: left;
        }
        th {
          background-color: #f2f2f2;
          font-weight: bold;
        }
      </style>
    </head>
    <body>
      <h1>TestSprite MCP Test Report - MyFrigo Application</h1>
<h2>Project Information</h2>
<ul>
<li><strong>Project Name</strong>: myfrigo</li>
<li><strong>Test Date</strong>: 2025-08-02</li>
<li><strong>Total Tests</strong>: 24</li>
<li><strong>Passed</strong>: 0</li>
<li><strong>Failed</strong>: 24</li>
<li><strong>Success Rate</strong>: 0%</li>
</ul>
<h2>Executive Summary</h2>
<p>All automated tests failed due to a critical configuration error preventing the application from loading. The root cause is missing Supabase configuration values (<code>EXPO_PUBLIC_SUPABASE_URL</code> and <code>EXPO_PUBLIC_SUPABASE_ANON_KEY</code>). This configuration issue blocks all functionality and must be resolved before any meaningful testing can proceed.</p>
<h2>Critical Issues</h2>
<h3>ðŸ”´ Configuration Error - Supabase Credentials Missing</h3>
<p><strong>Issue</strong>: All tests failed with the error &quot;Supabase URL and Anon Key must be provided&quot;
<strong>Impact</strong>: Complete application failure - app cannot load or function
<strong>Priority</strong>: Critical - Blocks all testing
<strong>Required Action</strong>: Configure Supabase credentials in environment variables</p>
<h2>Detailed Test Results</h2>
<h3>Authentication &amp; User Management</h3>
<ul>
<li>
<p><strong>TC001-User registration with email and password</strong> - FAILED</p>
<ul>
<li>Error: Supabase configuration missing</li>
<li>Impact: Cannot test user registration flow</li>
</ul>
</li>
<li>
<p><strong>TC002-Login with email and password</strong> - FAILED</p>
<ul>
<li>Error: Supabase configuration missing</li>
<li>Impact: Cannot test login functionality</li>
</ul>
</li>
<li>
<p><strong>TC003-Google Sign-In authentication</strong> - FAILED</p>
<ul>
<li>Error: Supabase configuration missing</li>
<li>Impact: Cannot test third-party authentication</li>
</ul>
</li>
<li>
<p><strong>TC004-Password recovery and reset</strong> - FAILED</p>
<ul>
<li>Error: Supabase configuration missing</li>
<li>Impact: Cannot test password recovery flow</li>
</ul>
</li>
<li>
<p><strong>TC024-Profile editing and validation</strong> - FAILED</p>
<ul>
<li>Error: Supabase configuration missing</li>
<li>Impact: Cannot test profile management features</li>
</ul>
</li>
</ul>
<h3>Product Management</h3>
<ul>
<li>
<p><strong>TC005-Manual product addition with valid data</strong> - FAILED</p>
<ul>
<li>Error: Supabase configuration missing</li>
<li>Impact: Cannot test manual product entry</li>
</ul>
</li>
<li>
<p><strong>TC006-Product addition via barcode scanning</strong> - FAILED</p>
<ul>
<li>Error: Supabase configuration missing</li>
<li>Impact: Cannot test barcode scanning functionality</li>
</ul>
</li>
<li>
<p><strong>TC007-Product editing and updates</strong> - FAILED</p>
<ul>
<li>Error: Supabase configuration missing</li>
<li>Impact: Cannot test product modification features</li>
</ul>
</li>
<li>
<p><strong>TC008-Product deletion</strong> - FAILED</p>
<ul>
<li>Error: Supabase configuration missing</li>
<li>Impact: Cannot test product removal functionality</li>
</ul>
</li>
<li>
<p><strong>TC009-Bulk product import</strong> - FAILED</p>
<ul>
<li>Error: Supabase configuration missing</li>
<li>Impact: Cannot test bulk import features</li>
</ul>
</li>
<li>
<p><strong>TC010-Product search and filtering</strong> - FAILED</p>
<ul>
<li>Error: Supabase configuration missing</li>
<li>Impact: Cannot test search functionality</li>
</ul>
</li>
<li>
<p><strong>TC021-Adding product with invalid or missing mandatory fields</strong> - FAILED</p>
<ul>
<li>Error: Supabase configuration missing</li>
<li>Impact: Cannot test form validation</li>
</ul>
</li>
</ul>
<h3>Expiration &amp; Notifications</h3>
<ul>
<li>
<p><strong>TC011-Expiration date tracking</strong> - FAILED</p>
<ul>
<li>Error: Supabase configuration missing</li>
<li>Impact: Cannot test expiration tracking</li>
</ul>
</li>
<li>
<p><strong>TC012-Push notification delivery</strong> - FAILED</p>
<ul>
<li>Error: Supabase configuration missing</li>
<li>Impact: Cannot test notification system</li>
</ul>
</li>
<li>
<p><strong>TC013-Notification scheduling</strong> - FAILED</p>
<ul>
<li>Error: Supabase configuration missing</li>
<li>Impact: Cannot test notification scheduling</li>
</ul>
</li>
<li>
<p><strong>TC014-Consumption tracking</strong> - FAILED</p>
<ul>
<li>Error: Supabase configuration missing</li>
<li>Impact: Cannot test consumption tracking</li>
</ul>
</li>
<li>
<p><strong>TC015-History and statistics</strong> - FAILED</p>
<ul>
<li>Error: Supabase configuration missing</li>
<li>Impact: Cannot test history features</li>
</ul>
</li>
<li>
<p><strong>TC023-Notification permission denied scenario</strong> - FAILED</p>
<ul>
<li>Error: Supabase configuration missing</li>
<li>Impact: Cannot test permission handling</li>
</ul>
</li>
</ul>
<h3>Barcode &amp; Camera Features</h3>
<ul>
<li>
<p><strong>TC016-Barcode scanning accuracy</strong> - FAILED</p>
<ul>
<li>Error: Supabase configuration missing</li>
<li>Impact: Cannot test barcode accuracy</li>
</ul>
</li>
<li>
<p><strong>TC017-Photo capture and processing</strong> - FAILED</p>
<ul>
<li>Error: Supabase configuration missing</li>
<li>Impact: Cannot test photo capture features</li>
</ul>
</li>
<li>
<p><strong>TC022-Handling barcode scanning errors and invalid barcodes</strong> - FAILED</p>
<ul>
<li>Error: Supabase configuration missing</li>
<li>Impact: Cannot test error handling</li>
</ul>
</li>
</ul>
<h3>Performance &amp; Stability</h3>
<ul>
<li>
<p><strong>TC018-App load time under 3 seconds</strong> - FAILED</p>
<ul>
<li>Error: Supabase configuration missing</li>
<li>Impact: Cannot test performance metrics</li>
</ul>
</li>
<li>
<p><strong>TC019-Crash rate under 1% during normal operation</strong> - FAILED</p>
<ul>
<li>Error: Supabase configuration missing</li>
<li>Impact: Cannot test stability</li>
</ul>
</li>
<li>
<p><strong>TC020-Undo consumption edge case: undo after app restart</strong> - FAILED</p>
<ul>
<li>Error: Supabase configuration missing</li>
<li>Impact: Cannot test undo functionality</li>
</ul>
</li>
</ul>
<h2>Browser Console Errors (Common Across All Tests)</h2>
<pre><code>[ERROR] 2025-08-02T12:53:01.568Z [ERROR] [SupabaseClient] Supabase init error: URL or Anon Key is missing.
[ERROR] 2025-08-02T12:53:01.570Z [ERROR] [SupabaseClient] EXPO_PUBLIC_SUPABASE_URL: Data: Missing
[ERROR] 2025-08-02T12:53:01.575Z [ERROR] [SupabaseClient] EXPO_PUBLIC_SUPABASE_ANON_KEY: Data: Missing
[ERROR] Error: Supabase URL and Anon Key must be provided.
</code></pre>
<h2>Recommendations</h2>
<h3>Immediate Actions Required</h3>
<ol>
<li>
<p><strong>Configure Supabase Credentials</strong></p>
<ul>
<li>Set <code>EXPO_PUBLIC_SUPABASE_URL</code> environment variable</li>
<li>Set <code>EXPO_PUBLIC_SUPABASE_ANON_KEY</code> environment variable</li>
<li>Verify credentials are correctly configured in <code>.env</code> file or deployment environment</li>
</ul>
</li>
<li>
<p><strong>Verify Environment Setup</strong></p>
<ul>
<li>Check that all required environment variables are present</li>
<li>Test local development environment configuration</li>
<li>Ensure proper Supabase project setup</li>
</ul>
</li>
</ol>
<h3>Follow-up Testing</h3>
<p>Once the configuration issue is resolved, re-run all tests to:</p>
<ul>
<li>Validate authentication flows (registration, login, password recovery)</li>
<li>Test product management features (add, edit, delete, search)</li>
<li>Verify expiration tracking and notification system</li>
<li>Confirm barcode scanning and photo capture functionality</li>
<li>Assess performance and stability metrics</li>
</ul>
<h2>Next Steps</h2>
<ol>
<li><strong>Fix Configuration</strong>: Resolve Supabase credential issue</li>
<li><strong>Retest</strong>: Run complete test suite after fix</li>
<li><strong>Address Specific Issues</strong>: Triage and fix individual test failures</li>
<li><strong>Performance Optimization</strong>: Optimize load times and stability</li>
<li><strong>Final Validation</strong>: Complete regression testing</li>
</ol>
<hr>
<p><em>Report generated by TestSprite MCP on 2025-08-02</em></p>

    </body>
    </html>
  